# JRE version: OpenJDK Runtime Environment Corretto-11.0.20.8.1 (11.0.20+8) (build 11.0.20+8-LTS)
# Java VM: OpenJDK 64-Bit Server VM Corretto-11.0.20.8.1 (11.0.20+8-LTS, mixed mode, tiered, compressed oops, g1 gc, windows-amd64)
Heap:
 garbage-first heap   total 73728K, used 26247K [0x00000000c5200000, 0x0000000100000000)
  region size 1024K, 16 young (16384K), 5 survivors (5120K)
 Metaspace       used 32854K, capacity 33655K, committed 33840K, reserved 1079296K
  class space    used 3607K, capacity 3843K, committed 3968K, reserved 1048576K
GC Heap History (20 events):
Event: 2.582 GC heap before
{Heap before GC invocations=0 (full 0):
 garbage-first heap   total 61440K, used 7168K [0x00000000c5200000, 0x0000000100000000)
  region size 1024K, 7 young (7168K), 0 survivors (0K)
 Metaspace       used 9592K, capacity 9754K, committed 9856K, reserved 1058816K
  class space    used 836K, capacity 890K, committed 896K, reserved 1048576K
}
Event: 2.591 GC heap after
{Heap after GC invocations=1 (full 0):
 garbage-first heap   total 61440K, used 2994K [0x00000000c5200000, 0x0000000100000000)
  region size 1024K, 1 young (1024K), 1 survivors (1024K)
 Metaspace       used 9592K, capacity 9754K, committed 9856K, reserved 1058816K
  class space    used 836K, capacity 890K, committed 896K, reserved 1048576K
}
Event: 2.945 GC heap before
{Heap before GC invocations=1 (full 0):
 garbage-first heap   total 61440K, used 7090K [0x00000000c5200000, 0x0000000100000000)
  region size 1024K, 5 young (5120K), 1 survivors (1024K)
 Metaspace       used 10888K, capacity 11240K, committed 11392K, reserved 1058816K
  class space    used 960K, capacity 1066K, committed 1152K, reserved 1048576K
}
Event: 2.950 GC heap after
{Heap after GC invocations=2 (full 0):
 garbage-first heap   total 61440K, used 3639K [0x00000000c5200000, 0x0000000100000000)
  region size 1024K, 1 young (1024K), 1 survivors (1024K)
 Metaspace       used 10888K, capacity 11240K, committed 11392K, reserved 1058816K
  class space    used 960K, capacity 1066K, committed 1152K, reserved 1048576K
}
Event: 3.556 GC heap before
{Heap before GC invocations=2 (full 0):
 garbage-first heap   total 61440K, used 12855K [0x00000000c5200000, 0x0000000100000000)
  region size 1024K, 11 young (11264K), 1 survivors (1024K)
 Metaspace       used 14272K, capacity 14604K, committed 14848K, reserved 1062912K
  class space    used 1392K, capacity 1487K, committed 1536K, reserved 1048576K
}
Event: 3.562 GC heap after
{Heap after GC invocations=3 (full 0):
 garbage-first heap   total 61440K, used 4197K [0x00000000c5200000, 0x0000000100000000)
  region size 1024K, 2 young (2048K), 2 survivors (2048K)
 Metaspace       used 14272K, capacity 14604K, committed 14848K, reserved 1062912K
  class space    used 1392K, capacity 1487K, committed 1536K, reserved 1048576K
}
Event: 4.977 GC heap before
{Heap before GC invocations=3 (full 0):
 garbage-first heap   total 61440K, used 19557K [0x00000000c5200000, 0x0000000100000000)
  region size 1024K, 17 young (17408K), 2 survivors (2048K)
 Metaspace       used 15479K, capacity 15844K, committed 16000K, reserved 1062912K
  class space    used 1546K, capacity 1659K, committed 1664K, reserved 1048576K
}
Event: 4.983 GC heap after
{Heap after GC invocations=4 (full 0):
 garbage-first heap   total 61440K, used 4937K [0x00000000c5200000, 0x0000000100000000)
  region size 1024K, 2 young (2048K), 2 survivors (2048K)
 Metaspace       used 15479K, capacity 15844K, committed 16000K, reserved 1062912K
  class space    used 1546K, capacity 1659K, committed 1664K, reserved 1048576K
}
Event: 6.532 GC heap before
{Heap before GC invocations=4 (full 0):
 garbage-first heap   total 61440K, used 39753K [0x00000000c5200000, 0x0000000100000000)
  region size 1024K, 36 young (36864K), 2 survivors (2048K)
 Metaspace       used 20120K, capacity 20500K, committed 20736K, reserved 1067008K
  class space    used 2130K, capacity 2271K, committed 2304K, reserved 1048576K
}
Event: 6.544 GC heap after
{Heap after GC invocations=5 (full 0):
 garbage-first heap   total 61440K, used 6580K [0x00000000c5200000, 0x0000000100000000)
  region size 1024K, 4 young (4096K), 4 survivors (4096K)
 Metaspace       used 20120K, capacity 20500K, committed 20736K, reserved 1067008K
  class space    used 2130K, capacity 2271K, committed 2304K, reserved 1048576K
}
Event: 7.325 GC heap before
{Heap before GC invocations=5 (full 0):
 garbage-first heap   total 61440K, used 10676K [0x00000000c5200000, 0x0000000100000000)
  region size 1024K, 9 young (9216K), 4 survivors (4096K)
 Metaspace       used 20791K, capacity 21154K, committed 21296K, reserved 1069056K
  class space    used 2216K, capacity 2338K, committed 2432K, reserved 1048576K
}
Event: 7.340 GC heap after
{Heap after GC invocations=6 (full 0):
 garbage-first heap   total 61440K, used 7019K [0x00000000c5200000, 0x0000000100000000)
  region size 1024K, 3 young (3072K), 3 survivors (3072K)
 Metaspace       used 20791K, capacity 21154K, committed 21296K, reserved 1069056K
  class space    used 2216K, capacity 2338K, committed 2432K, reserved 1048576K
}
Event: 10.862 GC heap before
{Heap before GC invocations=7 (full 0):
 garbage-first heap   total 61440K, used 39787K [0x00000000c5200000, 0x0000000100000000)
  region size 1024K, 35 young (35840K), 3 survivors (3072K)
 Metaspace       used 24687K, capacity 25290K, committed 25520K, reserved 1073152K
  class space    used 2629K, capacity 2778K, committed 2816K, reserved 1048576K
}
Event: 10.878 GC heap after
{Heap after GC invocations=8 (full 0):
 garbage-first heap   total 61440K, used 9604K [0x00000000c5200000, 0x0000000100000000)
  region size 1024K, 5 young (5120K), 5 survivors (5120K)
 Metaspace       used 24687K, capacity 25290K, committed 25520K, reserved 1073152K
  class space    used 2629K, capacity 2778K, committed 2816K, reserved 1048576K
}
Event: 14.757 GC heap before
{Heap before GC invocations=8 (full 0):
 garbage-first heap   total 61440K, used 41348K [0x00000000c5200000, 0x0000000100000000)
  region size 1024K, 36 young (36864K), 5 survivors (5120K)
 Metaspace       used 25629K, capacity 26278K, committed 26416K, reserved 1073152K
  class space    used 2712K, capacity 2916K, committed 2944K, reserved 1048576K
}
Event: 14.776 GC heap after
{Heap after GC invocations=9 (full 0):
 garbage-first heap   total 61440K, used 11669K [0x00000000c5200000, 0x0000000100000000)
  region size 1024K, 5 young (5120K), 5 survivors (5120K)
 Metaspace       used 25629K, capacity 26278K, committed 26416K, reserved 1073152K
  class space    used 2712K, capacity 2916K, committed 2944K, reserved 1048576K
}
Event: 22.814 GC heap before
{Heap before GC invocations=9 (full 0):
 garbage-first heap   total 61440K, used 42389K [0x00000000c5200000, 0x0000000100000000)
  region size 1024K, 36 young (36864K), 5 survivors (5120K)
 Metaspace       used 26129K, capacity 26758K, committed 26928K, reserved 1073152K
  class space    used 2722K, capacity 2928K, committed 2944K, reserved 1048576K
}
Event: 22.832 GC heap after
{Heap after GC invocations=10 (full 0):
 garbage-first heap   total 73728K, used 14162K [0x00000000c5200000, 0x0000000100000000)
  region size 1024K, 5 young (5120K), 5 survivors (5120K)
 Metaspace       used 26129K, capacity 26758K, committed 26928K, reserved 1073152K
  class space    used 2722K, capacity 2928K, committed 2944K, reserved 1048576K
}
Event: 24.744 GC heap before
{Heap before GC invocations=10 (full 0):
 garbage-first heap   total 73728K, used 50002K [0x00000000c5200000, 0x0000000100000000)
  region size 1024K, 41 young (41984K), 5 survivors (5120K)
 Metaspace       used 31785K, capacity 32574K, committed 32688K, reserved 1079296K
  class space    used 3503K, capacity 3759K, committed 3840K, reserved 1048576K
}
Event: 24.773 GC heap after
{Heap after GC invocations=11 (full 0):
 garbage-first heap   total 73728K, used 16007K [0x00000000c5200000, 0x0000000100000000)
  region size 1024K, 5 young (5120K), 5 survivors (5120K)
 Metaspace       used 31785K, capacity 32574K, committed 32688K, reserved 1079296K
  class space    used 3503K, capacity 3759K, committed 3840K, reserved 1048576K
}

